<?xml version="1.0" encoding="UTF-8"?>
<testsuite xmlns:xsi="http://www.w3.org/2001/XMLSchema-instance" xsi:noNamespaceSchemaLocation="https://maven.apache.org/surefire/maven-surefire-plugin/xsd/surefire-test-report.xsd" name="TestSuite" time="3.537" tests="2" errors="0" skipped="0" failures="0">
  <properties>
    <property name="gopherProxySet" value="false"/>
    <property name="awt.toolkit" value="sun.lwawt.macosx.LWCToolkit"/>
    <property name="file.encoding.pkg" value="sun.io"/>
    <property name="java.specification.version" value="1.8"/>
    <property name="sun.cpu.isalist" value=""/>
    <property name="sun.jnu.encoding" value="UTF-8"/>
    <property name="java.class.path" value="/Users/liuxiangdong/Desktop/THY/axxqa-axxol-teacher-api-autotest/target/test-classes:/Users/liuxiangdong/Desktop/THY/axxqa-axxol-teacher-api-autotest/target/classes:/Users/liuxiangdong/.m2/repository/com/axxqa/automation/axxqa-automation-base/1.0-SNAPSHOT/axxqa-automation-base-1.0-SNAPSHOT.jar:/Users/liuxiangdong/.m2/repository/io/leopard/javahost/0.9.12/javahost-0.9.12.jar:/Users/liuxiangdong/.m2/repository/com/aixuexi/thor-util/1.6.25-RELEASE/thor-util-1.6.25-RELEASE.jar:/Users/liuxiangdong/.m2/repository/com/github/kevinsawicki/http-request/5.6/http-request-5.6.jar:/Users/liuxiangdong/.m2/repository/org/elasticsearch/elasticsearch/2.4.4/elasticsearch-2.4.4.jar:/Users/liuxiangdong/.m2/repository/org/apache/lucene/lucene-core/5.5.2/lucene-core-5.5.2.jar:/Users/liuxiangdong/.m2/repository/org/apache/lucene/lucene-backward-codecs/5.5.2/lucene-backward-codecs-5.5.2.jar:/Users/liuxiangdong/.m2/repository/org/apache/lucene/lucene-analyzers-common/5.5.2/lucene-analyzers-common-5.5.2.jar:/Users/liuxiangdong/.m2/repository/org/apache/lucene/lucene-queries/5.5.2/lucene-queries-5.5.2.jar:/Users/liuxiangdong/.m2/repository/org/apache/lucene/lucene-memory/5.5.2/lucene-memory-5.5.2.jar:/Users/liuxiangdong/.m2/repository/org/apache/lucene/lucene-highlighter/5.5.2/lucene-highlighter-5.5.2.jar:/Users/liuxiangdong/.m2/repository/org/apache/lucene/lucene-queryparser/5.5.2/lucene-queryparser-5.5.2.jar:/Users/liuxiangdong/.m2/repository/org/apache/lucene/lucene-sandbox/5.5.2/lucene-sandbox-5.5.2.jar:/Users/liuxiangdong/.m2/repository/org/apache/lucene/lucene-suggest/5.5.2/lucene-suggest-5.5.2.jar:/Users/liuxiangdong/.m2/repository/org/apache/lucene/lucene-misc/5.5.2/lucene-misc-5.5.2.jar:/Users/liuxiangdong/.m2/repository/org/apache/lucene/lucene-join/5.5.2/lucene-join-5.5.2.jar:/Users/liuxiangdong/.m2/repository/org/apache/lucene/lucene-grouping/5.5.2/lucene-grouping-5.5.2.jar:/Users/liuxiangdong/.m2/repository/org/apache/lucene/lucene-spatial/5.5.2/lucene-spatial-5.5.2.jar:/Users/liuxiangdong/.m2/repository/org/apache/lucene/lucene-spatial3d/5.5.2/lucene-spatial3d-5.5.2.jar:/Users/liuxiangdong/.m2/repository/com/spatial4j/spatial4j/0.5/spatial4j-0.5.jar:/Users/liuxiangdong/.m2/repository/com/google/guava/guava/18.0/guava-18.0.jar:/Users/liuxiangdong/.m2/repository/org/elasticsearch/securesm/1.0/securesm-1.0.jar:/Users/liuxiangdong/.m2/repository/com/carrotsearch/hppc/0.7.1/hppc-0.7.1.jar:/Users/liuxiangdong/.m2/repository/com/fasterxml/jackson/dataformat/jackson-dataformat-smile/2.8.1/jackson-dataformat-smile-2.8.1.jar:/Users/liuxiangdong/.m2/repository/com/fasterxml/jackson/dataformat/jackson-dataformat-yaml/2.8.1/jackson-dataformat-yaml-2.8.1.jar:/Users/liuxiangdong/.m2/repository/com/fasterxml/jackson/dataformat/jackson-dataformat-cbor/2.8.1/jackson-dataformat-cbor-2.8.1.jar:/Users/liuxiangdong/.m2/repository/org/yaml/snakeyaml/1.15/snakeyaml-1.15.jar:/Users/liuxiangdong/.m2/repository/io/netty/netty/3.10.6.Final/netty-3.10.6.Final.jar:/Users/liuxiangdong/.m2/repository/com/ning/compress-lzf/1.0.2/compress-lzf-1.0.2.jar:/Users/liuxiangdong/.m2/repository/com/tdunning/t-digest/3.0/t-digest-3.0.jar:/Users/liuxiangdong/.m2/repository/org/hdrhistogram/HdrHistogram/2.1.6/HdrHistogram-2.1.6.jar:/Users/liuxiangdong/.m2/repository/commons-cli/commons-cli/1.3.1/commons-cli-1.3.1.jar:/Users/liuxiangdong/.m2/repository/com/twitter/jsr166e/1.1.0/jsr166e-1.1.0.jar:/Users/liuxiangdong/.m2/repository/javax/servlet/javax.servlet-api/3.1.0/javax.servlet-api-3.1.0.jar:/Users/liuxiangdong/.m2/repository/org/slf4j/jcl-over-slf4j/1.7.21/jcl-over-slf4j-1.7.21.jar:/Users/liuxiangdong/.m2/repository/org/slf4j/slf4j-ext/1.7.21/slf4j-ext-1.7.21.jar:/Users/liuxiangdong/.m2/repository/ch/qos/cal10n/cal10n-api/0.8.1/cal10n-api-0.8.1.jar:/Users/liuxiangdong/.m2/repository/org/apache/httpcomponents/httpclient/4.5.2/httpclient-4.5.2.jar:/Users/liuxiangdong/.m2/repository/org/apache/httpcomponents/httpcore/4.4.4/httpcore-4.4.4.jar:/Users/liuxiangdong/.m2/repository/commons-codec/commons-codec/1.9/commons-codec-1.9.jar:/Users/liuxiangdong/.m2/repository/joda-time/joda-time/2.9.5/joda-time-2.9.5.jar:/Users/liuxiangdong/.m2/repository/org/springframework/spring-jdbc/4.3.4.RELEASE/spring-jdbc-4.3.4.RELEASE.jar:/Users/liuxiangdong/.m2/repository/org/springframework/spring-beans/4.3.4.RELEASE/spring-beans-4.3.4.RELEASE.jar:/Users/liuxiangdong/.m2/repository/org/springframework/spring-core/4.3.4.RELEASE/spring-core-4.3.4.RELEASE.jar:/Users/liuxiangdong/.m2/repository/org/springframework/spring-tx/4.3.4.RELEASE/spring-tx-4.3.4.RELEASE.jar:/Users/liuxiangdong/.m2/repository/org/springframework/spring-webmvc/4.3.4.RELEASE/spring-webmvc-4.3.4.RELEASE.jar:/Users/liuxiangdong/.m2/repository/org/springframework/spring-aop/4.3.4.RELEASE/spring-aop-4.3.4.RELEASE.jar:/Users/liuxiangdong/.m2/repository/org/springframework/spring-expression/4.3.4.RELEASE/spring-expression-4.3.4.RELEASE.jar:/Users/liuxiangdong/.m2/repository/org/springframework/spring-context/4.3.4.RELEASE/spring-context-4.3.4.RELEASE.jar:/Users/liuxiangdong/.m2/repository/org/springframework/spring-context-support/4.3.4.RELEASE/spring-context-support-4.3.4.RELEASE.jar:/Users/liuxiangdong/.m2/repository/org/springframework/spring-web/4.3.4.RELEASE/spring-web-4.3.4.RELEASE.jar:/Users/liuxiangdong/.m2/repository/com/qiniu/qiniu-java-sdk/7.2.8/qiniu-java-sdk-7.2.8.jar:/Users/liuxiangdong/.m2/repository/com/qiniu/happy-dns-java/0.1.6/happy-dns-java-0.1.6.jar:/Users/liuxiangdong/.m2/repository/com/aliyun/oss/aliyun-sdk-oss/2.4.0/aliyun-sdk-oss-2.4.0.jar:/Users/liuxiangdong/.m2/repository/org/jdom/jdom/1.1/jdom-1.1.jar:/Users/liuxiangdong/.m2/repository/net/sf/json-lib/json-lib/2.4/json-lib-2.4-jdk15.jar:/Users/liuxiangdong/.m2/repository/commons-beanutils/commons-beanutils/1.8.0/commons-beanutils-1.8.0.jar:/Users/liuxiangdong/.m2/repository/commons-collections/commons-collections/3.2.1/commons-collections-3.2.1.jar:/Users/liuxiangdong/.m2/repository/net/sf/ezmorph/ezmorph/1.0.6/ezmorph-1.0.6.jar:/Users/liuxiangdong/.m2/repository/org/apache/curator/curator-framework/2.5.0/curator-framework-2.5.0.jar:/Users/liuxiangdong/.m2/repository/org/apache/curator/curator-client/2.5.0/curator-client-2.5.0.jar:/Users/liuxiangdong/.m2/repository/org/apache/zookeeper/zookeeper/3.4.6/zookeeper-3.4.6.jar:/Users/liuxiangdong/.m2/repository/jline/jline/0.9.94/jline-0.9.94.jar:/Users/liuxiangdong/.m2/repository/org/apache/curator/curator-recipes/2.5.0/curator-recipes-2.5.0.jar:/Users/liuxiangdong/.m2/repository/redis/clients/jedis/2.9.0/jedis-2.9.0.jar:/Users/liuxiangdong/.m2/repository/org/apache/commons/commons-pool2/2.4.2/commons-pool2-2.4.2.jar:/Users/liuxiangdong/.m2/repository/org/json/json/20160810/json-20160810.jar:/Users/liuxiangdong/.m2/repository/com/fasterxml/jackson/core/jackson-core/2.8.5/jackson-core-2.8.5.jar:/Users/liuxiangdong/.m2/repository/com/fasterxml/jackson/core/jackson-databind/2.8.5/jackson-databind-2.8.5.jar:/Users/liuxiangdong/.m2/repository/com/fasterxml/jackson/core/jackson-annotations/2.8.5/jackson-annotations-2.8.5.jar:/Users/liuxiangdong/.m2/repository/org/apache/commons/commons-lang3/3.4/commons-lang3-3.4.jar:/Users/liuxiangdong/.m2/repository/org/apache/commons/commons-collections4/4.1/commons-collections4-4.1.jar:/Users/liuxiangdong/.m2/repository/org/mongodb/mongo-java-driver/2.12.4/mongo-java-driver-2.12.4.jar:/Users/liuxiangdong/.m2/repository/commons-configuration/commons-configuration/1.10/commons-configuration-1.10.jar:/Users/liuxiangdong/.m2/repository/commons-lang/commons-lang/2.6/commons-lang-2.6.jar:/Users/liuxiangdong/.m2/repository/commons-logging/commons-logging/1.1.1/commons-logging-1.1.1.jar:/Users/liuxiangdong/.m2/repository/com/esotericsoftware/reflectasm/1.11.3/reflectasm-1.11.3.jar:/Users/liuxiangdong/.m2/repository/org/ow2/asm/asm/5.0.4/asm-5.0.4.jar:/Users/liuxiangdong/.m2/repository/org/jsoup/jsoup/1.10.2/jsoup-1.10.2.jar:/Users/liuxiangdong/.m2/repository/org/apache/poi/poi/3.15-beta1/poi-3.15-beta1.jar:/Users/liuxiangdong/.m2/repository/org/apache/poi/poi-scratchpad/3.15/poi-scratchpad-3.15.jar:/Users/liuxiangdong/.m2/repository/org/apache/poi/poi-ooxml/3.15-beta1/poi-ooxml-3.15-beta1.jar:/Users/liuxiangdong/.m2/repository/com/github/virtuald/curvesapi/1.03/curvesapi-1.03.jar:/Users/liuxiangdong/.m2/repository/org/apache/poi/poi-ooxml-schemas/3.15-beta1/poi-ooxml-schemas-3.15-beta1.jar:/Users/liuxiangdong/.m2/repository/org/apache/xmlbeans/xmlbeans/2.6.0/xmlbeans-2.6.0.jar:/Users/liuxiangdong/.m2/repository/stax/stax-api/1.0.1/stax-api-1.0.1.jar:/Users/liuxiangdong/.m2/repository/com/itextpdf/itextpdf/5.5.10/itextpdf-5.5.10.jar:/Users/liuxiangdong/.m2/repository/com/itextpdf/tool/xmlworker/5.5.10/xmlworker-5.5.10.jar:/Users/liuxiangdong/.m2/repository/com/itextpdf/itext-asian/5.2.0/itext-asian-5.2.0.jar:/Users/liuxiangdong/.m2/repository/net/spy/spymemcached/2.12.2/spymemcached-2.12.2.jar:/Users/liuxiangdong/.m2/repository/org/aspectj/aspectjweaver/1.8.9/aspectjweaver-1.8.9.jar:/Users/liuxiangdong/.m2/repository/org/javassist/javassist/3.22.0-CR1/javassist-3.22.0-CR1.jar:/Users/liuxiangdong/.m2/repository/cglib/cglib-nodep/3.2.5/cglib-nodep-3.2.5.jar:/Users/liuxiangdong/.m2/repository/com/dianping/cat/cat-client/1.4.2/cat-client-1.4.2.jar:/Users/liuxiangdong/.m2/repository/com/dianping/cat/cat-core/1.4.0/cat-core-1.4.0.jar:/Users/liuxiangdong/.m2/repository/org/unidal/framework/web-framework/2.5.0/web-framework-2.5.0.jar:/Users/liuxiangdong/.m2/repository/org/unidal/framework/dal-jdbc/2.5.0/dal-jdbc-2.5.0.jar:/Users/liuxiangdong/.m2/repository/org/codehaus/plexus/plexus-container-default/1.6/plexus-container-default-1.6.jar:/Users/liuxiangdong/.m2/repository/org/apache/xbean/xbean-reflect/3.7/xbean-reflect-3.7.jar:/Users/liuxiangdong/.m2/repository/org/codehaus/plexus/plexus-classworlds/2.5.1/plexus-classworlds-2.5.1.jar:/Users/liuxiangdong/.m2/repository/org/codehaus/plexus/plexus-utils/3.0.20/plexus-utils-3.0.20.jar:/Users/liuxiangdong/.m2/repository/io/netty/netty-all/4.0.36.Final/netty-all-4.0.36.Final.jar:/Users/liuxiangdong/.m2/repository/org/unidal/framework/foundation-service/2.5.0/foundation-service-2.5.0.jar:/Users/liuxiangdong/.m2/repository/org/apache/httpcomponents/httpmime/4.5/httpmime-4.5.jar:/Users/liuxiangdong/.m2/repository/fakepath/wcs-java-sdk/1.6.3/wcs-java-sdk-1.6.3.jar:/Users/liuxiangdong/.m2/repository/org/springframework/data/spring-data-redis/1.7.2.RELEASE/spring-data-redis-1.7.2.RELEASE.jar:/Users/liuxiangdong/.m2/repository/org/springframework/data/spring-data-keyvalue/1.1.2.RELEASE/spring-data-keyvalue-1.1.2.RELEASE.jar:/Users/liuxiangdong/.m2/repository/org/springframework/data/spring-data-commons/1.12.2.RELEASE/spring-data-commons-1.12.2.RELEASE.jar:/Users/liuxiangdong/.m2/repository/org/springframework/spring-oxm/4.2.6.RELEASE/spring-oxm-4.2.6.RELEASE.jar:/Users/liuxiangdong/.m2/repository/com/belerweb/pinyin4j/2.5.0/pinyin4j-2.5.0.jar:/Users/liuxiangdong/.m2/repository/com/github/stuxuhai/jpinyin/1.1.8/jpinyin-1.1.8.jar:/Users/liuxiangdong/.m2/repository/org/apache/pdfbox/pdfbox/2.0.8/pdfbox-2.0.8.jar:/Users/liuxiangdong/.m2/repository/org/apache/pdfbox/fontbox/2.0.1/fontbox-2.0.1.jar:/Users/liuxiangdong/.m2/repository/net/coobird/thumbnailator/0.4.8/thumbnailator-0.4.8.jar:/Users/liuxiangdong/.m2/repository/com/google/zxing/core/3.3.1/core-3.3.1.jar:/Users/liuxiangdong/.m2/repository/com/netflix/hystrix/hystrix-core/1.5.12/hystrix-core-1.5.12.jar:/Users/liuxiangdong/.m2/repository/com/netflix/archaius/archaius-core/0.4.1/archaius-core-0.4.1.jar:/Users/liuxiangdong/.m2/repository/io/reactivex/rxjava/1.2.0/rxjava-1.2.0.jar:/Users/liuxiangdong/.m2/repository/com/netflix/hystrix/hystrix-javanica/1.5.12/hystrix-javanica-1.5.12.jar:/Users/liuxiangdong/.m2/repository/com/google/code/findbugs/jsr305/2.0.0/jsr305-2.0.0.jar:/Users/liuxiangdong/.m2/repository/com/alibaba/fastjson/1.2.60/fastjson-1.2.60.jar:/Users/liuxiangdong/.m2/repository/com/jayway/jsonpath/json-path/2.4.0/json-path-2.4.0.jar:/Users/liuxiangdong/.m2/repository/net/minidev/json-smart/2.3/json-smart-2.3.jar:/Users/liuxiangdong/.m2/repository/net/minidev/accessors-smart/1.2/accessors-smart-1.2.jar:/Users/liuxiangdong/.m2/repository/org/projectlombok/lombok/1.18.8/lombok-1.18.8.jar:/Users/liuxiangdong/.m2/repository/org/apache/logging/log4j/log4j-api/2.12.0/log4j-api-2.12.0.jar:/Users/liuxiangdong/.m2/repository/org/apache/logging/log4j/log4j-core/2.12.0/log4j-core-2.12.0.jar:/Users/liuxiangdong/.m2/repository/org/apache/logging/log4j/log4j-slf4j-impl/2.12.0/log4j-slf4j-impl-2.12.0.jar:/Users/liuxiangdong/.m2/repository/org/slf4j/slf4j-api/2.0.0-alpha0/slf4j-api-2.0.0-alpha0.jar:/Users/liuxiangdong/.m2/repository/org/slf4j/slf4j-log4j12/2.0.0-alpha0/slf4j-log4j12-2.0.0-alpha0.jar:/Users/liuxiangdong/.m2/repository/com/squareup/retrofit2/retrofit/2.6.0/retrofit-2.6.0.jar:/Users/liuxiangdong/.m2/repository/com/squareup/retrofit2/converter-gson/2.6.0/converter-gson-2.6.0.jar:/Users/liuxiangdong/.m2/repository/com/google/code/gson/gson/2.8.5/gson-2.8.5.jar:/Users/liuxiangdong/.m2/repository/com/squareup/okhttp3/logging-interceptor/3.14.2/logging-interceptor-3.14.2.jar:/Users/liuxiangdong/.m2/repository/com/squareup/okhttp3/okhttp/3.14.2/okhttp-3.14.2.jar:/Users/liuxiangdong/.m2/repository/com/squareup/okio/okio/1.17.2/okio-1.17.2.jar:/Users/liuxiangdong/.m2/repository/com/aventstack/extentreports/3.1.5/extentreports-3.1.5.jar:/Users/liuxiangdong/.m2/repository/org/freemarker/freemarker/2.3.23/freemarker-2.3.23.jar:/Users/liuxiangdong/.m2/repository/org/mongodb/mongodb-driver/3.3.0/mongodb-driver-3.3.0.jar:/Users/liuxiangdong/.m2/repository/org/mongodb/bson/3.3.0/bson-3.3.0.jar:/Users/liuxiangdong/.m2/repository/org/mongodb/mongodb-driver-core/3.3.0/mongodb-driver-core-3.3.0.jar:/Users/liuxiangdong/.m2/repository/org/testng/testng/6.14.3/testng-6.14.3.jar:/Users/liuxiangdong/.m2/repository/com/beust/jcommander/1.72/jcommander-1.72.jar:/Users/liuxiangdong/.m2/repository/org/apache-extras/beanshell/bsh/2.0b6/bsh-2.0b6.jar:/Users/liuxiangdong/.m2/repository/mysql/mysql-connector-java/8.0.17/mysql-connector-java-8.0.17.jar:/Users/liuxiangdong/.m2/repository/com/google/protobuf/protobuf-java/3.6.1/protobuf-java-3.6.1.jar:/Users/liuxiangdong/.m2/repository/com/axxqa/automation/axxqa-automation-service/1.0-SNAPSHOT/axxqa-automation-service-1.0-SNAPSHOT.jar:/Users/liuxiangdong/.m2/repository/org/mybatis/mybatis/3.4.4/mybatis-3.4.4.jar:/Users/liuxiangdong/.m2/repository/io/qameta/allure/allure-testng/2.7.0/allure-testng-2.7.0.jar:/Users/liuxiangdong/.m2/repository/io/qameta/allure/allure-descriptions-javadoc/2.7.0/allure-descriptions-javadoc-2.7.0.jar:/Users/liuxiangdong/.m2/repository/commons-io/commons-io/2.6/commons-io-2.6.jar:/Users/liuxiangdong/.m2/repository/io/qameta/allure/allure-java-commons/2.7.0/allure-java-commons-2.7.0.jar:/Users/liuxiangdong/.m2/repository/io/qameta/allure/allure2-model-api/1.0.0/allure2-model-api-1.0.0.jar:/Users/liuxiangdong/.m2/repository/io/qameta/allure/allure2-model-pojo/1.0.0/allure2-model-pojo-1.0.0.jar:/Users/liuxiangdong/.m2/repository/org/apache/tika/tika-core/1.14/tika-core-1.14.jar:/Users/liuxiangdong/.m2/repository/io/qameta/allure/allure2-model-jackson/1.0.0/allure2-model-jackson-1.0.0.jar:/Users/liuxiangdong/.m2/repository/com/fasterxml/jackson/module/jackson-module-jaxb-annotations/2.7.0/jackson-module-jaxb-annotations-2.7.0.jar:/Users/liuxiangdong/.m2/repository/org/aspectj/aspectjrt/1.9.1/aspectjrt-1.9.1.jar:/Users/liuxiangdong/.m2/repository/org/jooq/joor-java-8/0.9.9/joor-java-8-0.9.9.jar:/Users/liuxiangdong/.m2/repository/it/sauronsoftware/javabase64/1.3.1/javabase64-1.3.1.jar:/Users/liuxiangdong/.m2/repository/org/simfast/simpletester/1.0.2-SNAPSHOT/simpletester-1.0.2-SNAPSHOT.jar:/Users/liuxiangdong/.m2/repository/net/sourceforge/jexcelapi/jxl/2.6.12/jxl-2.6.12.jar:/Users/liuxiangdong/.m2/repository/log4j/log4j/1.2.14/log4j-1.2.14.jar:"/>
    <property name="java.vm.vendor" value="Oracle Corporation"/>
    <property name="sun.arch.data.model" value="64"/>
    <property name="java.vendor.url" value="http://java.oracle.com/"/>
    <property name="user.timezone" value=""/>
    <property name="java.vm.specification.version" value="1.8"/>
    <property name="os.name" value="Mac OS X"/>
    <property name="user.country" value="CN"/>
    <property name="sun.java.launcher" value="SUN_STANDARD"/>
    <property name="sun.boot.library.path" value="/Library/Java/JavaVirtualMachines/jdk1.8.0_231.jdk/Contents/Home/jre/lib"/>
    <property name="sun.java.command" value="/Users/liuxiangdong/Desktop/THY/axxqa-axxol-teacher-api-autotest/target/surefire/surefirebooter8711005482005489202.jar /Users/liuxiangdong/Desktop/THY/axxqa-axxol-teacher-api-autotest/target/surefire 2020-10-24T21-52-25_415-jvmRun1 surefire2477831526636060985tmp surefire_05769202765421620050tmp"/>
    <property name="surefire.test.class.path" value="/Users/liuxiangdong/Desktop/THY/axxqa-axxol-teacher-api-autotest/target/test-classes:/Users/liuxiangdong/Desktop/THY/axxqa-axxol-teacher-api-autotest/target/classes:/Users/liuxiangdong/.m2/repository/com/axxqa/automation/axxqa-automation-base/1.0-SNAPSHOT/axxqa-automation-base-1.0-SNAPSHOT.jar:/Users/liuxiangdong/.m2/repository/io/leopard/javahost/0.9.12/javahost-0.9.12.jar:/Users/liuxiangdong/.m2/repository/com/aixuexi/thor-util/1.6.25-RELEASE/thor-util-1.6.25-RELEASE.jar:/Users/liuxiangdong/.m2/repository/com/github/kevinsawicki/http-request/5.6/http-request-5.6.jar:/Users/liuxiangdong/.m2/repository/org/elasticsearch/elasticsearch/2.4.4/elasticsearch-2.4.4.jar:/Users/liuxiangdong/.m2/repository/org/apache/lucene/lucene-core/5.5.2/lucene-core-5.5.2.jar:/Users/liuxiangdong/.m2/repository/org/apache/lucene/lucene-backward-codecs/5.5.2/lucene-backward-codecs-5.5.2.jar:/Users/liuxiangdong/.m2/repository/org/apache/lucene/lucene-analyzers-common/5.5.2/lucene-analyzers-common-5.5.2.jar:/Users/liuxiangdong/.m2/repository/org/apache/lucene/lucene-queries/5.5.2/lucene-queries-5.5.2.jar:/Users/liuxiangdong/.m2/repository/org/apache/lucene/lucene-memory/5.5.2/lucene-memory-5.5.2.jar:/Users/liuxiangdong/.m2/repository/org/apache/lucene/lucene-highlighter/5.5.2/lucene-highlighter-5.5.2.jar:/Users/liuxiangdong/.m2/repository/org/apache/lucene/lucene-queryparser/5.5.2/lucene-queryparser-5.5.2.jar:/Users/liuxiangdong/.m2/repository/org/apache/lucene/lucene-sandbox/5.5.2/lucene-sandbox-5.5.2.jar:/Users/liuxiangdong/.m2/repository/org/apache/lucene/lucene-suggest/5.5.2/lucene-suggest-5.5.2.jar:/Users/liuxiangdong/.m2/repository/org/apache/lucene/lucene-misc/5.5.2/lucene-misc-5.5.2.jar:/Users/liuxiangdong/.m2/repository/org/apache/lucene/lucene-join/5.5.2/lucene-join-5.5.2.jar:/Users/liuxiangdong/.m2/repository/org/apache/lucene/lucene-grouping/5.5.2/lucene-grouping-5.5.2.jar:/Users/liuxiangdong/.m2/repository/org/apache/lucene/lucene-spatial/5.5.2/lucene-spatial-5.5.2.jar:/Users/liuxiangdong/.m2/repository/org/apache/lucene/lucene-spatial3d/5.5.2/lucene-spatial3d-5.5.2.jar:/Users/liuxiangdong/.m2/repository/com/spatial4j/spatial4j/0.5/spatial4j-0.5.jar:/Users/liuxiangdong/.m2/repository/com/google/guava/guava/18.0/guava-18.0.jar:/Users/liuxiangdong/.m2/repository/org/elasticsearch/securesm/1.0/securesm-1.0.jar:/Users/liuxiangdong/.m2/repository/com/carrotsearch/hppc/0.7.1/hppc-0.7.1.jar:/Users/liuxiangdong/.m2/repository/com/fasterxml/jackson/dataformat/jackson-dataformat-smile/2.8.1/jackson-dataformat-smile-2.8.1.jar:/Users/liuxiangdong/.m2/repository/com/fasterxml/jackson/dataformat/jackson-dataformat-yaml/2.8.1/jackson-dataformat-yaml-2.8.1.jar:/Users/liuxiangdong/.m2/repository/com/fasterxml/jackson/dataformat/jackson-dataformat-cbor/2.8.1/jackson-dataformat-cbor-2.8.1.jar:/Users/liuxiangdong/.m2/repository/org/yaml/snakeyaml/1.15/snakeyaml-1.15.jar:/Users/liuxiangdong/.m2/repository/io/netty/netty/3.10.6.Final/netty-3.10.6.Final.jar:/Users/liuxiangdong/.m2/repository/com/ning/compress-lzf/1.0.2/compress-lzf-1.0.2.jar:/Users/liuxiangdong/.m2/repository/com/tdunning/t-digest/3.0/t-digest-3.0.jar:/Users/liuxiangdong/.m2/repository/org/hdrhistogram/HdrHistogram/2.1.6/HdrHistogram-2.1.6.jar:/Users/liuxiangdong/.m2/repository/commons-cli/commons-cli/1.3.1/commons-cli-1.3.1.jar:/Users/liuxiangdong/.m2/repository/com/twitter/jsr166e/1.1.0/jsr166e-1.1.0.jar:/Users/liuxiangdong/.m2/repository/javax/servlet/javax.servlet-api/3.1.0/javax.servlet-api-3.1.0.jar:/Users/liuxiangdong/.m2/repository/org/slf4j/jcl-over-slf4j/1.7.21/jcl-over-slf4j-1.7.21.jar:/Users/liuxiangdong/.m2/repository/org/slf4j/slf4j-ext/1.7.21/slf4j-ext-1.7.21.jar:/Users/liuxiangdong/.m2/repository/ch/qos/cal10n/cal10n-api/0.8.1/cal10n-api-0.8.1.jar:/Users/liuxiangdong/.m2/repository/org/apache/httpcomponents/httpclient/4.5.2/httpclient-4.5.2.jar:/Users/liuxiangdong/.m2/repository/org/apache/httpcomponents/httpcore/4.4.4/httpcore-4.4.4.jar:/Users/liuxiangdong/.m2/repository/commons-codec/commons-codec/1.9/commons-codec-1.9.jar:/Users/liuxiangdong/.m2/repository/joda-time/joda-time/2.9.5/joda-time-2.9.5.jar:/Users/liuxiangdong/.m2/repository/org/springframework/spring-jdbc/4.3.4.RELEASE/spring-jdbc-4.3.4.RELEASE.jar:/Users/liuxiangdong/.m2/repository/org/springframework/spring-beans/4.3.4.RELEASE/spring-beans-4.3.4.RELEASE.jar:/Users/liuxiangdong/.m2/repository/org/springframework/spring-core/4.3.4.RELEASE/spring-core-4.3.4.RELEASE.jar:/Users/liuxiangdong/.m2/repository/org/springframework/spring-tx/4.3.4.RELEASE/spring-tx-4.3.4.RELEASE.jar:/Users/liuxiangdong/.m2/repository/org/springframework/spring-webmvc/4.3.4.RELEASE/spring-webmvc-4.3.4.RELEASE.jar:/Users/liuxiangdong/.m2/repository/org/springframework/spring-aop/4.3.4.RELEASE/spring-aop-4.3.4.RELEASE.jar:/Users/liuxiangdong/.m2/repository/org/springframework/spring-expression/4.3.4.RELEASE/spring-expression-4.3.4.RELEASE.jar:/Users/liuxiangdong/.m2/repository/org/springframework/spring-context/4.3.4.RELEASE/spring-context-4.3.4.RELEASE.jar:/Users/liuxiangdong/.m2/repository/org/springframework/spring-context-support/4.3.4.RELEASE/spring-context-support-4.3.4.RELEASE.jar:/Users/liuxiangdong/.m2/repository/org/springframework/spring-web/4.3.4.RELEASE/spring-web-4.3.4.RELEASE.jar:/Users/liuxiangdong/.m2/repository/com/qiniu/qiniu-java-sdk/7.2.8/qiniu-java-sdk-7.2.8.jar:/Users/liuxiangdong/.m2/repository/com/qiniu/happy-dns-java/0.1.6/happy-dns-java-0.1.6.jar:/Users/liuxiangdong/.m2/repository/com/aliyun/oss/aliyun-sdk-oss/2.4.0/aliyun-sdk-oss-2.4.0.jar:/Users/liuxiangdong/.m2/repository/org/jdom/jdom/1.1/jdom-1.1.jar:/Users/liuxiangdong/.m2/repository/net/sf/json-lib/json-lib/2.4/json-lib-2.4-jdk15.jar:/Users/liuxiangdong/.m2/repository/commons-beanutils/commons-beanutils/1.8.0/commons-beanutils-1.8.0.jar:/Users/liuxiangdong/.m2/repository/commons-collections/commons-collections/3.2.1/commons-collections-3.2.1.jar:/Users/liuxiangdong/.m2/repository/net/sf/ezmorph/ezmorph/1.0.6/ezmorph-1.0.6.jar:/Users/liuxiangdong/.m2/repository/org/apache/curator/curator-framework/2.5.0/curator-framework-2.5.0.jar:/Users/liuxiangdong/.m2/repository/org/apache/curator/curator-client/2.5.0/curator-client-2.5.0.jar:/Users/liuxiangdong/.m2/repository/org/apache/zookeeper/zookeeper/3.4.6/zookeeper-3.4.6.jar:/Users/liuxiangdong/.m2/repository/jline/jline/0.9.94/jline-0.9.94.jar:/Users/liuxiangdong/.m2/repository/org/apache/curator/curator-recipes/2.5.0/curator-recipes-2.5.0.jar:/Users/liuxiangdong/.m2/repository/redis/clients/jedis/2.9.0/jedis-2.9.0.jar:/Users/liuxiangdong/.m2/repository/org/apache/commons/commons-pool2/2.4.2/commons-pool2-2.4.2.jar:/Users/liuxiangdong/.m2/repository/org/json/json/20160810/json-20160810.jar:/Users/liuxiangdong/.m2/repository/com/fasterxml/jackson/core/jackson-core/2.8.5/jackson-core-2.8.5.jar:/Users/liuxiangdong/.m2/repository/com/fasterxml/jackson/core/jackson-databind/2.8.5/jackson-databind-2.8.5.jar:/Users/liuxiangdong/.m2/repository/com/fasterxml/jackson/core/jackson-annotations/2.8.5/jackson-annotations-2.8.5.jar:/Users/liuxiangdong/.m2/repository/org/apache/commons/commons-lang3/3.4/commons-lang3-3.4.jar:/Users/liuxiangdong/.m2/repository/org/apache/commons/commons-collections4/4.1/commons-collections4-4.1.jar:/Users/liuxiangdong/.m2/repository/org/mongodb/mongo-java-driver/2.12.4/mongo-java-driver-2.12.4.jar:/Users/liuxiangdong/.m2/repository/commons-configuration/commons-configuration/1.10/commons-configuration-1.10.jar:/Users/liuxiangdong/.m2/repository/commons-lang/commons-lang/2.6/commons-lang-2.6.jar:/Users/liuxiangdong/.m2/repository/commons-logging/commons-logging/1.1.1/commons-logging-1.1.1.jar:/Users/liuxiangdong/.m2/repository/com/esotericsoftware/reflectasm/1.11.3/reflectasm-1.11.3.jar:/Users/liuxiangdong/.m2/repository/org/ow2/asm/asm/5.0.4/asm-5.0.4.jar:/Users/liuxiangdong/.m2/repository/org/jsoup/jsoup/1.10.2/jsoup-1.10.2.jar:/Users/liuxiangdong/.m2/repository/org/apache/poi/poi/3.15-beta1/poi-3.15-beta1.jar:/Users/liuxiangdong/.m2/repository/org/apache/poi/poi-scratchpad/3.15/poi-scratchpad-3.15.jar:/Users/liuxiangdong/.m2/repository/org/apache/poi/poi-ooxml/3.15-beta1/poi-ooxml-3.15-beta1.jar:/Users/liuxiangdong/.m2/repository/com/github/virtuald/curvesapi/1.03/curvesapi-1.03.jar:/Users/liuxiangdong/.m2/repository/org/apache/poi/poi-ooxml-schemas/3.15-beta1/poi-ooxml-schemas-3.15-beta1.jar:/Users/liuxiangdong/.m2/repository/org/apache/xmlbeans/xmlbeans/2.6.0/xmlbeans-2.6.0.jar:/Users/liuxiangdong/.m2/repository/stax/stax-api/1.0.1/stax-api-1.0.1.jar:/Users/liuxiangdong/.m2/repository/com/itextpdf/itextpdf/5.5.10/itextpdf-5.5.10.jar:/Users/liuxiangdong/.m2/repository/com/itextpdf/tool/xmlworker/5.5.10/xmlworker-5.5.10.jar:/Users/liuxiangdong/.m2/repository/com/itextpdf/itext-asian/5.2.0/itext-asian-5.2.0.jar:/Users/liuxiangdong/.m2/repository/net/spy/spymemcached/2.12.2/spymemcached-2.12.2.jar:/Users/liuxiangdong/.m2/repository/org/aspectj/aspectjweaver/1.8.9/aspectjweaver-1.8.9.jar:/Users/liuxiangdong/.m2/repository/org/javassist/javassist/3.22.0-CR1/javassist-3.22.0-CR1.jar:/Users/liuxiangdong/.m2/repository/cglib/cglib-nodep/3.2.5/cglib-nodep-3.2.5.jar:/Users/liuxiangdong/.m2/repository/com/dianping/cat/cat-client/1.4.2/cat-client-1.4.2.jar:/Users/liuxiangdong/.m2/repository/com/dianping/cat/cat-core/1.4.0/cat-core-1.4.0.jar:/Users/liuxiangdong/.m2/repository/org/unidal/framework/web-framework/2.5.0/web-framework-2.5.0.jar:/Users/liuxiangdong/.m2/repository/org/unidal/framework/dal-jdbc/2.5.0/dal-jdbc-2.5.0.jar:/Users/liuxiangdong/.m2/repository/org/codehaus/plexus/plexus-container-default/1.6/plexus-container-default-1.6.jar:/Users/liuxiangdong/.m2/repository/org/apache/xbean/xbean-reflect/3.7/xbean-reflect-3.7.jar:/Users/liuxiangdong/.m2/repository/org/codehaus/plexus/plexus-classworlds/2.5.1/plexus-classworlds-2.5.1.jar:/Users/liuxiangdong/.m2/repository/org/codehaus/plexus/plexus-utils/3.0.20/plexus-utils-3.0.20.jar:/Users/liuxiangdong/.m2/repository/io/netty/netty-all/4.0.36.Final/netty-all-4.0.36.Final.jar:/Users/liuxiangdong/.m2/repository/org/unidal/framework/foundation-service/2.5.0/foundation-service-2.5.0.jar:/Users/liuxiangdong/.m2/repository/org/apache/httpcomponents/httpmime/4.5/httpmime-4.5.jar:/Users/liuxiangdong/.m2/repository/fakepath/wcs-java-sdk/1.6.3/wcs-java-sdk-1.6.3.jar:/Users/liuxiangdong/.m2/repository/org/springframework/data/spring-data-redis/1.7.2.RELEASE/spring-data-redis-1.7.2.RELEASE.jar:/Users/liuxiangdong/.m2/repository/org/springframework/data/spring-data-keyvalue/1.1.2.RELEASE/spring-data-keyvalue-1.1.2.RELEASE.jar:/Users/liuxiangdong/.m2/repository/org/springframework/data/spring-data-commons/1.12.2.RELEASE/spring-data-commons-1.12.2.RELEASE.jar:/Users/liuxiangdong/.m2/repository/org/springframework/spring-oxm/4.2.6.RELEASE/spring-oxm-4.2.6.RELEASE.jar:/Users/liuxiangdong/.m2/repository/com/belerweb/pinyin4j/2.5.0/pinyin4j-2.5.0.jar:/Users/liuxiangdong/.m2/repository/com/github/stuxuhai/jpinyin/1.1.8/jpinyin-1.1.8.jar:/Users/liuxiangdong/.m2/repository/org/apache/pdfbox/pdfbox/2.0.8/pdfbox-2.0.8.jar:/Users/liuxiangdong/.m2/repository/org/apache/pdfbox/fontbox/2.0.1/fontbox-2.0.1.jar:/Users/liuxiangdong/.m2/repository/net/coobird/thumbnailator/0.4.8/thumbnailator-0.4.8.jar:/Users/liuxiangdong/.m2/repository/com/google/zxing/core/3.3.1/core-3.3.1.jar:/Users/liuxiangdong/.m2/repository/com/netflix/hystrix/hystrix-core/1.5.12/hystrix-core-1.5.12.jar:/Users/liuxiangdong/.m2/repository/com/netflix/archaius/archaius-core/0.4.1/archaius-core-0.4.1.jar:/Users/liuxiangdong/.m2/repository/io/reactivex/rxjava/1.2.0/rxjava-1.2.0.jar:/Users/liuxiangdong/.m2/repository/com/netflix/hystrix/hystrix-javanica/1.5.12/hystrix-javanica-1.5.12.jar:/Users/liuxiangdong/.m2/repository/com/google/code/findbugs/jsr305/2.0.0/jsr305-2.0.0.jar:/Users/liuxiangdong/.m2/repository/com/alibaba/fastjson/1.2.60/fastjson-1.2.60.jar:/Users/liuxiangdong/.m2/repository/com/jayway/jsonpath/json-path/2.4.0/json-path-2.4.0.jar:/Users/liuxiangdong/.m2/repository/net/minidev/json-smart/2.3/json-smart-2.3.jar:/Users/liuxiangdong/.m2/repository/net/minidev/accessors-smart/1.2/accessors-smart-1.2.jar:/Users/liuxiangdong/.m2/repository/org/projectlombok/lombok/1.18.8/lombok-1.18.8.jar:/Users/liuxiangdong/.m2/repository/org/apache/logging/log4j/log4j-api/2.12.0/log4j-api-2.12.0.jar:/Users/liuxiangdong/.m2/repository/org/apache/logging/log4j/log4j-core/2.12.0/log4j-core-2.12.0.jar:/Users/liuxiangdong/.m2/repository/org/apache/logging/log4j/log4j-slf4j-impl/2.12.0/log4j-slf4j-impl-2.12.0.jar:/Users/liuxiangdong/.m2/repository/org/slf4j/slf4j-api/2.0.0-alpha0/slf4j-api-2.0.0-alpha0.jar:/Users/liuxiangdong/.m2/repository/org/slf4j/slf4j-log4j12/2.0.0-alpha0/slf4j-log4j12-2.0.0-alpha0.jar:/Users/liuxiangdong/.m2/repository/com/squareup/retrofit2/retrofit/2.6.0/retrofit-2.6.0.jar:/Users/liuxiangdong/.m2/repository/com/squareup/retrofit2/converter-gson/2.6.0/converter-gson-2.6.0.jar:/Users/liuxiangdong/.m2/repository/com/google/code/gson/gson/2.8.5/gson-2.8.5.jar:/Users/liuxiangdong/.m2/repository/com/squareup/okhttp3/logging-interceptor/3.14.2/logging-interceptor-3.14.2.jar:/Users/liuxiangdong/.m2/repository/com/squareup/okhttp3/okhttp/3.14.2/okhttp-3.14.2.jar:/Users/liuxiangdong/.m2/repository/com/squareup/okio/okio/1.17.2/okio-1.17.2.jar:/Users/liuxiangdong/.m2/repository/com/aventstack/extentreports/3.1.5/extentreports-3.1.5.jar:/Users/liuxiangdong/.m2/repository/org/freemarker/freemarker/2.3.23/freemarker-2.3.23.jar:/Users/liuxiangdong/.m2/repository/org/mongodb/mongodb-driver/3.3.0/mongodb-driver-3.3.0.jar:/Users/liuxiangdong/.m2/repository/org/mongodb/bson/3.3.0/bson-3.3.0.jar:/Users/liuxiangdong/.m2/repository/org/mongodb/mongodb-driver-core/3.3.0/mongodb-driver-core-3.3.0.jar:/Users/liuxiangdong/.m2/repository/org/testng/testng/6.14.3/testng-6.14.3.jar:/Users/liuxiangdong/.m2/repository/com/beust/jcommander/1.72/jcommander-1.72.jar:/Users/liuxiangdong/.m2/repository/org/apache-extras/beanshell/bsh/2.0b6/bsh-2.0b6.jar:/Users/liuxiangdong/.m2/repository/mysql/mysql-connector-java/8.0.17/mysql-connector-java-8.0.17.jar:/Users/liuxiangdong/.m2/repository/com/google/protobuf/protobuf-java/3.6.1/protobuf-java-3.6.1.jar:/Users/liuxiangdong/.m2/repository/com/axxqa/automation/axxqa-automation-service/1.0-SNAPSHOT/axxqa-automation-service-1.0-SNAPSHOT.jar:/Users/liuxiangdong/.m2/repository/org/mybatis/mybatis/3.4.4/mybatis-3.4.4.jar:/Users/liuxiangdong/.m2/repository/io/qameta/allure/allure-testng/2.7.0/allure-testng-2.7.0.jar:/Users/liuxiangdong/.m2/repository/io/qameta/allure/allure-descriptions-javadoc/2.7.0/allure-descriptions-javadoc-2.7.0.jar:/Users/liuxiangdong/.m2/repository/commons-io/commons-io/2.6/commons-io-2.6.jar:/Users/liuxiangdong/.m2/repository/io/qameta/allure/allure-java-commons/2.7.0/allure-java-commons-2.7.0.jar:/Users/liuxiangdong/.m2/repository/io/qameta/allure/allure2-model-api/1.0.0/allure2-model-api-1.0.0.jar:/Users/liuxiangdong/.m2/repository/io/qameta/allure/allure2-model-pojo/1.0.0/allure2-model-pojo-1.0.0.jar:/Users/liuxiangdong/.m2/repository/org/apache/tika/tika-core/1.14/tika-core-1.14.jar:/Users/liuxiangdong/.m2/repository/io/qameta/allure/allure2-model-jackson/1.0.0/allure2-model-jackson-1.0.0.jar:/Users/liuxiangdong/.m2/repository/com/fasterxml/jackson/module/jackson-module-jaxb-annotations/2.7.0/jackson-module-jaxb-annotations-2.7.0.jar:/Users/liuxiangdong/.m2/repository/org/aspectj/aspectjrt/1.9.1/aspectjrt-1.9.1.jar:/Users/liuxiangdong/.m2/repository/org/jooq/joor-java-8/0.9.9/joor-java-8-0.9.9.jar:/Users/liuxiangdong/.m2/repository/it/sauronsoftware/javabase64/1.3.1/javabase64-1.3.1.jar:/Users/liuxiangdong/.m2/repository/org/simfast/simpletester/1.0.2-SNAPSHOT/simpletester-1.0.2-SNAPSHOT.jar:/Users/liuxiangdong/.m2/repository/net/sourceforge/jexcelapi/jxl/2.6.12/jxl-2.6.12.jar:/Users/liuxiangdong/.m2/repository/log4j/log4j/1.2.14/log4j-1.2.14.jar:"/>
    <property name="sun.cpu.endian" value="little"/>
    <property name="allure.results.directory" value="/Users/liuxiangdong/Desktop/THY/axxqa-axxol-teacher-api-autotest/target/allure-results"/>
    <property name="user.home" value="/Users/liuxiangdong"/>
    <property name="user.language" value="zh"/>
    <property name="java.specification.vendor" value="Oracle Corporation"/>
    <property name="java.home" value="/Library/Java/JavaVirtualMachines/jdk1.8.0_231.jdk/Contents/Home/jre"/>
    <property name="basedir" value="/Users/liuxiangdong/Desktop/THY/axxqa-axxol-teacher-api-autotest"/>
    <property name="file.separator" value="/"/>
    <property name="line.separator" value="&#10;"/>
    <property name="java.vm.specification.vendor" value="Oracle Corporation"/>
    <property name="java.specification.name" value="Java Platform API Specification"/>
    <property name="serviceCall" value="domain"/>
    <property name="java.awt.graphicsenv" value="sun.awt.CGraphicsEnvironment"/>
    <property name="surefire.real.class.path" value="/Users/liuxiangdong/Desktop/THY/axxqa-axxol-teacher-api-autotest/target/surefire/surefirebooter8711005482005489202.jar:/Users/liuxiangdong/.m2/repository/org/aspectj/aspectjweaver/1.8.10/aspectjweaver-1.8.10.jar"/>
    <property name="sun.boot.class.path" value="/Library/Java/JavaVirtualMachines/jdk1.8.0_231.jdk/Contents/Home/jre/lib/resources.jar:/Library/Java/JavaVirtualMachines/jdk1.8.0_231.jdk/Contents/Home/jre/lib/rt.jar:/Library/Java/JavaVirtualMachines/jdk1.8.0_231.jdk/Contents/Home/jre/lib/sunrsasign.jar:/Library/Java/JavaVirtualMachines/jdk1.8.0_231.jdk/Contents/Home/jre/lib/jsse.jar:/Library/Java/JavaVirtualMachines/jdk1.8.0_231.jdk/Contents/Home/jre/lib/jce.jar:/Library/Java/JavaVirtualMachines/jdk1.8.0_231.jdk/Contents/Home/jre/lib/charsets.jar:/Library/Java/JavaVirtualMachines/jdk1.8.0_231.jdk/Contents/Home/jre/lib/jfr.jar:/Library/Java/JavaVirtualMachines/jdk1.8.0_231.jdk/Contents/Home/jre/classes"/>
    <property name="sun.management.compiler" value="HotSpot 64-Bit Tiered Compilers"/>
    <property name="java.runtime.version" value="1.8.0_231-b11"/>
    <property name="user.name" value="liuxiangdong"/>
    <property name="path.separator" value=":"/>
    <property name="os.version" value="10.14.6"/>
    <property name="java.endorsed.dirs" value="/Library/Java/JavaVirtualMachines/jdk1.8.0_231.jdk/Contents/Home/jre/lib/endorsed"/>
    <property name="java.runtime.name" value="Java(TM) SE Runtime Environment"/>
    <property name="file.encoding" value="UTF-8"/>
    <property name="java.vm.name" value="Java HotSpot(TM) 64-Bit Server VM"/>
    <property name="envUrl" value=""/>
    <property name="localRepository" value="/Users/liuxiangdong/.m2/repository"/>
    <property name="java.vendor.url.bug" value="http://bugreport.sun.com/bugreport/"/>
    <property name="java.io.tmpdir" value="/var/folders/gf/2mdp7mns3zq31151yyy7rh_w0000gn/T/"/>
    <property name="java.version" value="1.8.0_231"/>
    <property name="user.dir" value="/Users/liuxiangdong/Desktop/THY/axxqa-axxol-teacher-api-autotest"/>
    <property name="os.arch" value="x86_64"/>
    <property name="java.vm.specification.name" value="Java Virtual Machine Specification"/>
    <property name="java.awt.printerjob" value="sun.lwawt.macosx.CPrinterJob"/>
    <property name="env" value="lol_private_test"/>
    <property name="sun.os.patch.level" value="unknown"/>
    <property name="java.library.path" value="/Users/liuxiangdong/Library/Java/Extensions:/Library/Java/Extensions:/Network/Library/Java/Extensions:/System/Library/Java/Extensions:/usr/lib/java:."/>
    <property name="java.vm.info" value="mixed mode"/>
    <property name="java.vendor" value="Oracle Corporation"/>
    <property name="java.vm.version" value="25.231-b11"/>
    <property name="java.ext.dirs" value="/Users/liuxiangdong/Library/Java/Extensions:/Library/Java/JavaVirtualMachines/jdk1.8.0_231.jdk/Contents/Home/jre/lib/ext:/Library/Java/Extensions:/Network/Library/Java/Extensions:/System/Library/Java/Extensions:/usr/lib/java"/>
    <property name="sun.io.unicode.encoding" value="UnicodeBig"/>
    <property name="java.class.version" value="52.0"/>
  </properties>
  <testcase name="getPublicKeyTest" classname="cases.login.AuthKeyTest" time="0.759"/>
  <testcase name="loginTest" classname="cases.login.AuthLoginTest" time="0.56"/>
</testsuite>