<?xml version="1.0" encoding="UTF-8"?>
<!-- Generated by org.testng.reporters.JUnitReportReporter -->
<testsuite skipped="0" hostname="TiandeMacBook-Pro.local" name="cases.login.AuthKeyTest" tests="1" failures="0" timestamp="24 十月 2020 13:52:30 GMT" time="0.758" errors="0">
  <testcase name="getPublicKeyTest" time="0.758" classname="cases.login.AuthKeyTest"/>
</testsuite> <!-- cases.login.AuthKeyTest -->
